<?xml version="1.0" encoding="UTF-8"?>
<testsuite xmlns:xsi="http://www.w3.org/2001/XMLSchema-instance" xsi:noNamespaceSchemaLocation="https://maven.apache.org/surefire/maven-surefire-plugin/xsd/surefire-test-report-3.0.xsd" version="3.0" name="de.hsos.swa.AnlegenResourceTest" time="65.594" tests="1" errors="0" skipped="0" failures="1">
  <properties>
[...]
</properties>
  <testcase name="testCreateArtikel" classname="de.hsos.swa.AnlegenResourceTest" time="3.796">
    <failure message="1 expectation failed.&#10;Expected status code &lt;200&gt; but was &lt;401&gt;.&#10;" type="java.lang.AssertionError"><![CDATA[java.lang.AssertionError: 
1 expectation failed.
Expected status code <200> but was <401>.

	at java.base/jdk.internal.reflect.NativeConstructorAccessorImpl.newInstance0(Native Method)
	at java.base/jdk.internal.reflect.NativeConstructorAccessorImpl.newInstance(NativeConstructorAccessorImpl.java:77)
	at java.base/jdk.internal.reflect.DelegatingConstructorAccessorImpl.newInstance(DelegatingConstructorAccessorImpl.java:45)
	at java.base/java.lang.reflect.Constructor.newInstanceWithCaller(Constructor.java:499)
	at java.base/java.lang.reflect.Constructor.newInstance(Constructor.java:480)
	at org.codehaus.groovy.reflection.CachedConstructor.invoke(CachedConstructor.java:72)
	at org.codehaus.groovy.runtime.callsite.ConstructorSite$ConstructorSiteNoUnwrapNoCoerce.callConstructor(ConstructorSite.java:105)
	at org.codehaus.groovy.runtime.callsite.CallSiteArray.defaultCallConstructor(CallSiteArray.java:59)
	at org.codehaus.groovy.runtime.callsite.AbstractCallSite.callConstructor(AbstractCallSite.java:263)
	at org.codehaus.groovy.runtime.callsite.AbstractCallSite.callConstructor(AbstractCallSite.java:277)
	at io.restassured.internal.ResponseSpecificationImpl$HamcrestAssertionClosure.validate(ResponseSpecificationImpl.groovy:499)
	at io.restassured.internal.ResponseSpecificationImpl$HamcrestAssertionClosure$validate$1.call(Unknown Source)
	at org.codehaus.groovy.runtime.callsite.CallSiteArray.defaultCall(CallSiteArray.java:47)
	at org.codehaus.groovy.runtime.callsite.AbstractCallSite.call(AbstractCallSite.java:125)
	at org.codehaus.groovy.runtime.callsite.AbstractCallSite.call(AbstractCallSite.java:139)
	at io.restassured.internal.ResponseSpecificationImpl.validateResponseIfRequired(ResponseSpecificationImpl.groovy:684)
	at java.base/jdk.internal.reflect.NativeMethodAccessorImpl.invoke0(Native Method)
	at java.base/jdk.internal.reflect.NativeMethodAccessorImpl.invoke(NativeMethodAccessorImpl.java:77)
	at java.base/jdk.internal.reflect.DelegatingMethodAccessorImpl.invoke(DelegatingMethodAccessorImpl.java:43)
	at java.base/java.lang.reflect.Method.invoke(Method.java:568)
	at org.codehaus.groovy.runtime.callsite.PlainObjectMetaMethodSite.doInvoke(PlainObjectMetaMethodSite.java:43)
	at org.codehaus.groovy.runtime.callsite.PogoMetaMethodSite$PogoCachedMethodSiteNoUnwrapNoCoerce.invoke(PogoMetaMethodSite.java:193)
	at org.codehaus.groovy.runtime.callsite.PogoMetaMethodSite.callCurrent(PogoMetaMethodSite.java:61)
	at org.codehaus.groovy.runtime.callsite.CallSiteArray.defaultCallCurrent(CallSiteArray.java:51)
	at org.codehaus.groovy.runtime.callsite.AbstractCallSite.callCurrent(AbstractCallSite.java:171)
	at org.codehaus.groovy.runtime.callsite.AbstractCallSite.callCurrent(AbstractCallSite.java:185)
	at io.restassured.internal.ResponseSpecificationImpl.statusCode(ResponseSpecificationImpl.groovy:127)
	at io.restassured.specification.ResponseSpecification$statusCode$0.callCurrent(Unknown Source)
	at org.codehaus.groovy.runtime.callsite.CallSiteArray.defaultCallCurrent(CallSiteArray.java:51)
	at org.codehaus.groovy.runtime.callsite.AbstractCallSite.callCurrent(AbstractCallSite.java:171)
	at org.codehaus.groovy.runtime.callsite.AbstractCallSite.callCurrent(AbstractCallSite.java:185)
	at io.restassured.internal.ResponseSpecificationImpl.statusCode(ResponseSpecificationImpl.groovy:135)
	at io.restassured.internal.ValidatableResponseOptionsImpl.statusCode(ValidatableResponseOptionsImpl.java:89)
	at io.restassured.internal.ValidatableResponseImpl.super$2$statusCode(ValidatableResponseImpl.groovy)
	at java.base/jdk.internal.reflect.NativeMethodAccessorImpl.invoke0(Native Method)
	at java.base/jdk.internal.reflect.NativeMethodAccessorImpl.invoke(NativeMethodAccessorImpl.java:77)
	at java.base/jdk.internal.reflect.DelegatingMethodAccessorImpl.invoke(DelegatingMethodAccessorImpl.java:43)
	at java.base/java.lang.reflect.Method.invoke(Method.java:568)
	at org.codehaus.groovy.reflection.CachedMethod.invoke(CachedMethod.java:107)
	at groovy.lang.MetaMethod.doMethodInvoke(MetaMethod.java:323)
	at groovy.lang.MetaClassImpl.invokeMethod(MetaClassImpl.java:1268)
	at org.codehaus.groovy.runtime.ScriptBytecodeAdapter.invokeMethodOnSuperN(ScriptBytecodeAdapter.java:144)
	at io.restassured.internal.ValidatableResponseImpl.statusCode(ValidatableResponseImpl.groovy:142)
	at io.restassured.internal.ValidatableResponseImpl.statusCode(ValidatableResponseImpl.groovy)
	at de.hsos.swa.AnlegenResourceTest.testCreateArtikel(AnlegenResourceTest.java:51)
	at java.base/jdk.internal.reflect.NativeMethodAccessorImpl.invoke0(Native Method)
	at java.base/jdk.internal.reflect.NativeMethodAccessorImpl.invoke(NativeMethodAccessorImpl.java:77)
	at java.base/jdk.internal.reflect.DelegatingMethodAccessorImpl.invoke(DelegatingMethodAccessorImpl.java:43)
	at java.base/java.lang.reflect.Method.invoke(Method.java:568)
	at io.quarkus.test.junit.QuarkusTestExtension.runExtensionMethod(QuarkusTestExtension.java:1008)
	at io.quarkus.test.junit.QuarkusTestExtension.interceptTestMethod(QuarkusTestExtension.java:827)
	at org.junit.jupiter.engine.execution.ExecutableInvoker$ReflectiveInterceptorCall.lambda$ofVoidMethod$0(ExecutableInvoker.java:115)
	at org.junit.jupiter.engine.execution.ExecutableInvoker.lambda$invoke$0(ExecutableInvoker.java:105)
	at org.junit.jupiter.engine.execution.InvocationInterceptorChain$InterceptedInvocation.proceed(InvocationInterceptorChain.java:106)
	at org.junit.jupiter.engine.extension.TimeoutExtension.intercept(TimeoutExtension.java:149)
	at org.junit.jupiter.engine.extension.TimeoutExtension.interceptTestableMethod(TimeoutExtension.java:140)
	at org.junit.jupiter.engine.extension.TimeoutExtension.interceptTestMethod(TimeoutExtension.java:84)
	at org.junit.jupiter.engine.execution.ExecutableInvoker$ReflectiveInterceptorCall.lambda$ofVoidMethod$0(ExecutableInvoker.java:115)
	at org.junit.jupiter.engine.execution.ExecutableInvoker.lambda$invoke$0(ExecutableInvoker.java:105)
	at org.junit.jupiter.engine.execution.InvocationInterceptorChain$InterceptedInvocation.proceed(InvocationInterceptorChain.java:106)
	at org.junit.jupiter.engine.execution.InvocationInterceptorChain.proceed(InvocationInterceptorChain.java:64)
	at org.junit.jupiter.engine.execution.InvocationInterceptorChain.chainAndInvoke(InvocationInterceptorChain.java:45)
	at org.junit.jupiter.engine.execution.InvocationInterceptorChain.invoke(InvocationInterceptorChain.java:37)
	at org.junit.jupiter.engine.execution.ExecutableInvoker.invoke(ExecutableInvoker.java:104)
	at org.junit.jupiter.engine.execution.ExecutableInvoker.invoke(ExecutableInvoker.java:98)
	at org.junit.jupiter.engine.descriptor.TestMethodTestDescriptor.lambda$invokeTestMethod$7(TestMethodTestDescriptor.java:214)
	at org.junit.platform.engine.support.hierarchical.ThrowableCollector.execute(ThrowableCollector.java:73)
	at org.junit.jupiter.engine.descriptor.TestMethodTestDescriptor.invokeTestMethod(TestMethodTestDescriptor.java:210)
	at org.junit.jupiter.engine.descriptor.TestMethodTestDescriptor.execute(TestMethodTestDescriptor.java:135)
	at org.junit.jupiter.engine.descriptor.TestMethodTestDescriptor.execute(TestMethodTestDescriptor.java:66)
	at org.junit.platform.engine.support.hierarchical.NodeTestTask.lambda$executeRecursively$6(NodeTestTask.java:151)
	at org.junit.platform.engine.support.hierarchical.ThrowableCollector.execute(ThrowableCollector.java:73)
	at org.junit.platform.engine.support.hierarchical.NodeTestTask.lambda$executeRecursively$8(NodeTestTask.java:141)
	at org.junit.platform.engine.support.hierarchical.Node.around(Node.java:137)
	at org.junit.platform.engine.support.hierarchical.NodeTestTask.lambda$executeRecursively$9(NodeTestTask.java:139)
	at org.junit.platform.engine.support.hierarchical.ThrowableCollector.execute(ThrowableCollector.java:73)
	at org.junit.platform.engine.support.hierarchical.NodeTestTask.executeRecursively(NodeTestTask.java:138)
	at org.junit.platform.engine.support.hierarchical.NodeTestTask.execute(NodeTestTask.java:95)
	at java.base/java.util.ArrayList.forEach(ArrayList.java:1511)
	at org.junit.platform.engine.support.hierarchical.SameThreadHierarchicalTestExecutorService.invokeAll(SameThreadHierarchicalTestExecutorService.java:41)
	at org.junit.platform.engine.support.hierarchical.NodeTestTask.lambda$executeRecursively$6(NodeTestTask.java:155)
	at org.junit.platform.engine.support.hierarchical.ThrowableCollector.execute(ThrowableCollector.java:73)
	at org.junit.platform.engine.support.hierarchical.NodeTestTask.lambda$executeRecursively$8(NodeTestTask.java:141)
	at org.junit.platform.engine.support.hierarchical.Node.around(Node.java:137)
	at org.junit.platform.engine.support.hierarchical.NodeTestTask.lambda$executeRecursively$9(NodeTestTask.java:139)
	at org.junit.platform.engine.support.hierarchical.ThrowableCollector.execute(ThrowableCollector.java:73)
	at org.junit.platform.engine.support.hierarchical.NodeTestTask.executeRecursively(NodeTestTask.java:138)
	at org.junit.platform.engine.support.hierarchical.NodeTestTask.execute(NodeTestTask.java:95)
	at java.base/java.util.ArrayList.forEach(ArrayList.java:1511)
	at org.junit.platform.engine.support.hierarchical.SameThreadHierarchicalTestExecutorService.invokeAll(SameThreadHierarchicalTestExecutorService.java:41)
	at org.junit.platform.engine.support.hierarchical.NodeTestTask.lambda$executeRecursively$6(NodeTestTask.java:155)
	at org.junit.platform.engine.support.hierarchical.ThrowableCollector.execute(ThrowableCollector.java:73)
	at org.junit.platform.engine.support.hierarchical.NodeTestTask.lambda$executeRecursively$8(NodeTestTask.java:141)
	at org.junit.platform.engine.support.hierarchical.Node.around(Node.java:137)
	at org.junit.platform.engine.support.hierarchical.NodeTestTask.lambda$executeRecursively$9(NodeTestTask.java:139)
	at org.junit.platform.engine.support.hierarchical.ThrowableCollector.execute(ThrowableCollector.java:73)
	at org.junit.platform.engine.support.hierarchical.NodeTestTask.executeRecursively(NodeTestTask.java:138)
	at org.junit.platform.engine.support.hierarchical.NodeTestTask.execute(NodeTestTask.java:95)
	at org.junit.platform.engine.support.hierarchical.SameThreadHierarchicalTestExecutorService.submit(SameThreadHierarchicalTestExecutorService.java:35)
	at org.junit.platform.engine.support.hierarchical.HierarchicalTestExecutor.execute(HierarchicalTestExecutor.java:57)
	at org.junit.platform.engine.support.hierarchical.HierarchicalTestEngine.execute(HierarchicalTestEngine.java:54)
	at org.junit.platform.launcher.core.EngineExecutionOrchestrator.execute(EngineExecutionOrchestrator.java:107)
	at org.junit.platform.launcher.core.EngineExecutionOrchestrator.execute(EngineExecutionOrchestrator.java:88)
	at org.junit.platform.launcher.core.EngineExecutionOrchestrator.lambda$execute$0(EngineExecutionOrchestrator.java:54)
	at org.junit.platform.launcher.core.EngineExecutionOrchestrator.withInterceptedStreams(EngineExecutionOrchestrator.java:67)
	at org.junit.platform.launcher.core.EngineExecutionOrchestrator.execute(EngineExecutionOrchestrator.java:52)
	at org.junit.platform.launcher.core.DefaultLauncher.execute(DefaultLauncher.java:114)
	at org.junit.platform.launcher.core.DefaultLauncher.execute(DefaultLauncher.java:86)
	at org.junit.platform.launcher.core.DefaultLauncherSession$DelegatingLauncher.execute(DefaultLauncherSession.java:86)
	at org.apache.maven.surefire.junitplatform.LazyLauncher.execute(LazyLauncher.java:55)
	at org.apache.maven.surefire.junitplatform.JUnitPlatformProvider.execute(JUnitPlatformProvider.java:223)
	at org.apache.maven.surefire.junitplatform.JUnitPlatformProvider.invokeAllTests(JUnitPlatformProvider.java:175)
	at org.apache.maven.surefire.junitplatform.JUnitPlatformProvider.invoke(JUnitPlatformProvider.java:139)
	at org.apache.maven.surefire.booter.ForkedBooter.runSuitesInProcess(ForkedBooter.java:456)
	at org.apache.maven.surefire.booter.ForkedBooter.execute(ForkedBooter.java:169)
	at org.apache.maven.surefire.booter.ForkedBooter.run(ForkedBooter.java:595)
	at org.apache.maven.surefire.booter.ForkedBooter.main(ForkedBooter.java:581)
]]></failure>
    <system-out><![CDATA[2022-07-31 19:11:48,817 INFO  [org.jbo.threads] (main) JBoss Threads version 3.4.2.Final
2022-07-31 19:11:50,395 INFO  [org.tes.doc.DockerClientProviderStrategy] (build-51) Loaded org.testcontainers.dockerclient.NpipeSocketClientProviderStrategy from ~/.testcontainers.properties, will try it first
2022-07-31 19:11:54,641 INFO  [org.tes.doc.DockerClientProviderStrategy] (build-51) Found Docker environment with local Npipe socket (npipe:////./pipe/docker_engine)
2022-07-31 19:11:54,650 INFO  [org.tes.DockerClientFactory] (build-51) Docker host IP address is localhost
2022-07-31 19:11:54,728 INFO  [org.tes.DockerClientFactory] (build-51) Connected to docker: 
  Server Version: 20.10.17
  API Version: 1.41
  Operating System: Docker Desktop
  Total Memory: 7884 MB
2022-07-31 19:11:54,934 INFO  [org.tes.uti.ImageNameSubstitutor] (build-51) Image name substitution will be performed by: DefaultImageNameSubstitutor (composite of 'ConfigurationFileImageNameSubstitutor' and 'PrefixingImageNameSubstitutor')
2022-07-31 19:11:55,509 INFO  [doc.3.3]] (build-51) Creating container for image: testcontainers/ryuk:0.3.3
2022-07-31 19:11:56,989 INFO  [org.tes.uti.RegistryAuthLocator] (build-51) Credential helper/store (docker-credential-desktop) does not have credentials for https://index.docker.io/v1/
2022-07-31 19:11:57,450 INFO  [doc.3.3]] (build-51) Container testcontainers/ryuk:0.3.3 is starting: 3cc25673009239e769a9d62bf46cae098bc2daedc1014f4f1453c2b998c9296f
2022-07-31 19:11:58,633 INFO  [doc.3.3]] (build-51) Container testcontainers/ryuk:0.3.3 started in PT3.6283922S
2022-07-31 19:11:58,649 INFO  [org.tes.uti.RyukResourceReaper] (build-51) Ryuk started - will monitor and terminate Testcontainers containers on JVM exit
2022-07-31 19:11:58,649 INFO  [org.tes.DockerClientFactory] (build-51) Checking the system...
2022-07-31 19:11:58,652 INFO  [org.tes.DockerClientFactory] (build-51) ?? Docker server version should be at least 1.6.0
2022-07-31 19:11:58,736 INFO  [doc.io/.2]] (build-51) Creating container for image: docker.io/postgres:14.2
2022-07-31 19:11:59,178 INFO  [org.tes.uti.RegistryAuthLocator] (build-51) Credential helper/store (docker-credential-desktop) does not have credentials for docker.io
2022-07-31 19:11:59,178 WARN  [doc.io/.2]] (build-51) Reuse was requested but the environment does not support the reuse of containers
To enable reuse of containers, you must set 'testcontainers.reuse.enable=true' in a file located at C:\Users\Maik\.testcontainers.properties
2022-07-31 19:11:59,321 INFO  [io.qua.oid.dep.dev.key.KeycloakDevServicesProcessor] (build-17) Using Quarkus powered Keycloak distribution
2022-07-31 19:11:59,326 INFO  [doc.io/.0.1]] (build-17) Creating container for image: quay.io/keycloak/keycloak:18.0.1
2022-07-31 19:11:59,403 INFO  [doc.io/.2]] (build-51) Container docker.io/postgres:14.2 is starting: eda160dee9c65b2b35c14f63f2ce3946afa26a118cfc3103fba01072368a9e49
2022-07-31 19:11:59,717 INFO  [org.tes.uti.RegistryAuthLocator] (build-17) Credential helper/store (docker-credential-desktop) does not have credentials for quay.io
2022-07-31 19:12:00,372 INFO  [doc.io/.0.1]] (build-17) Container quay.io/keycloak/keycloak:18.0.1 is starting: c961d556833c12c617b9d60e3d55e170cb2c7b5fb93c597c2d7d61613d12275a
2022-07-31 19:12:03,766 INFO  [doc.io/.2]] (build-51) Container docker.io/postgres:14.2 started in PT5.0952554S
2022-07-31 19:12:03,767 INFO  [io.qua.dev.pos.dep.PostgresqlDevServicesProcessor] (build-51) Dev Services for PostgreSQL started.
2022-07-31 19:12:03,771 INFO  [io.qua.dat.dep.dev.DevServicesDatasourceProcessor] (build-51) Dev Services for the default datasource (postgresql) started.
2022-07-31 19:12:28,736 INFO  [doc.io/.0.1]] (build-17) Container quay.io/keycloak/keycloak:18.0.1 started in PT29.4134629S
2022-07-31 19:12:35,286 ERROR [io.qua.oid.dep.dev.key.KeycloakDevServicesProcessor] (build-17) Realm quarkus can not be created: null
2022-07-31 19:12:35,304 INFO  [io.qua.oid.dep.dev.key.KeycloakDevServicesProcessor] (build-17) Dev Services for Keycloak started.
2022-07-31 19:12:43,801 WARN  [org.hib.eng.jdb.spi.SqlExceptionHelper] (JPA Startup Thread: <default>) SQL Warning Code: 0, SQLState: 00000
2022-07-31 19:12:43,803 WARN  [org.hib.eng.jdb.spi.SqlExceptionHelper] (JPA Startup Thread: <default>) relation "account" does not exist, skipping
2022-07-31 19:12:43,807 WARN  [org.hib.eng.jdb.spi.SqlExceptionHelper] (JPA Startup Thread: <default>) SQL Warning Code: 0, SQLState: 00000
2022-07-31 19:12:43,807 WARN  [org.hib.eng.jdb.spi.SqlExceptionHelper] (JPA Startup Thread: <default>) relation "account_beobachtungsartikel" does not exist, skipping
2022-07-31 19:12:43,812 WARN  [org.hib.eng.jdb.spi.SqlExceptionHelper] (JPA Startup Thread: <default>) SQL Warning Code: 0, SQLState: 00000
2022-07-31 19:12:43,813 WARN  [org.hib.eng.jdb.spi.SqlExceptionHelper] (JPA Startup Thread: <default>) relation "account_beobachtungsartikel" does not exist, skipping
2022-07-31 19:12:43,817 WARN  [org.hib.eng.jdb.spi.SqlExceptionHelper] (JPA Startup Thread: <default>) SQL Warning Code: 0, SQLState: 00000
2022-07-31 19:12:43,817 WARN  [org.hib.eng.jdb.spi.SqlExceptionHelper] (JPA Startup Thread: <default>) relation "artikel" does not exist, skipping
2022-07-31 19:12:43,823 WARN  [org.hib.eng.jdb.spi.SqlExceptionHelper] (JPA Startup Thread: <default>) SQL Warning Code: 0, SQLState: 00000
2022-07-31 19:12:43,824 WARN  [org.hib.eng.jdb.spi.SqlExceptionHelper] (JPA Startup Thread: <default>) relation "bestellartikel" does not exist, skipping
2022-07-31 19:12:43,830 WARN  [org.hib.eng.jdb.spi.SqlExceptionHelper] (JPA Startup Thread: <default>) SQL Warning Code: 0, SQLState: 00000
2022-07-31 19:12:43,831 WARN  [org.hib.eng.jdb.spi.SqlExceptionHelper] (JPA Startup Thread: <default>) relation "bestellposten" does not exist, skipping
2022-07-31 19:12:43,837 WARN  [org.hib.eng.jdb.spi.SqlExceptionHelper] (JPA Startup Thread: <default>) SQL Warning Code: 0, SQLState: 00000
2022-07-31 19:12:43,837 WARN  [org.hib.eng.jdb.spi.SqlExceptionHelper] (JPA Startup Thread: <default>) relation "bestellung" does not exist, skipping
2022-07-31 19:12:43,842 WARN  [org.hib.eng.jdb.spi.SqlExceptionHelper] (JPA Startup Thread: <default>) SQL Warning Code: 0, SQLState: 00000
2022-07-31 19:12:43,842 WARN  [org.hib.eng.jdb.spi.SqlExceptionHelper] (JPA Startup Thread: <default>) relation "bestellung_bestellposten" does not exist, skipping
2022-07-31 19:12:43,846 WARN  [org.hib.eng.jdb.spi.SqlExceptionHelper] (JPA Startup Thread: <default>) SQL Warning Code: 0, SQLState: 00000
2022-07-31 19:12:43,847 WARN  [org.hib.eng.jdb.spi.SqlExceptionHelper] (JPA Startup Thread: <default>) relation "bestellung_bestellposten" does not exist, skipping
2022-07-31 19:12:43,851 WARN  [org.hib.eng.jdb.spi.SqlExceptionHelper] (JPA Startup Thread: <default>) SQL Warning Code: 0, SQLState: 00000
2022-07-31 19:12:43,852 WARN  [org.hib.eng.jdb.spi.SqlExceptionHelper] (JPA Startup Thread: <default>) relation "bestellungaccount" does not exist, skipping
2022-07-31 19:12:43,855 WARN  [org.hib.eng.jdb.spi.SqlExceptionHelper] (JPA Startup Thread: <default>) SQL Warning Code: 0, SQLState: 00000
2022-07-31 19:12:43,856 WARN  [org.hib.eng.jdb.spi.SqlExceptionHelper] (JPA Startup Thread: <default>) relation "bestellungaccount" does not exist, skipping
2022-07-31 19:12:43,859 WARN  [org.hib.eng.jdb.spi.SqlExceptionHelper] (JPA Startup Thread: <default>) SQL Warning Code: 0, SQLState: 00000
2022-07-31 19:12:43,860 WARN  [org.hib.eng.jdb.spi.SqlExceptionHelper] (JPA Startup Thread: <default>) relation "warenkorb_warenkorbposten" does not exist, skipping
2022-07-31 19:12:43,864 WARN  [org.hib.eng.jdb.spi.SqlExceptionHelper] (JPA Startup Thread: <default>) SQL Warning Code: 0, SQLState: 00000
2022-07-31 19:12:43,865 WARN  [org.hib.eng.jdb.spi.SqlExceptionHelper] (JPA Startup Thread: <default>) relation "warenkorb_warenkorbposten" does not exist, skipping
2022-07-31 19:12:43,868 WARN  [org.hib.eng.jdb.spi.SqlExceptionHelper] (JPA Startup Thread: <default>) SQL Warning Code: 0, SQLState: 00000
2022-07-31 19:12:43,869 WARN  [org.hib.eng.jdb.spi.SqlExceptionHelper] (JPA Startup Thread: <default>) relation "warenkorbartikel" does not exist, skipping
2022-07-31 19:12:43,873 WARN  [org.hib.eng.jdb.spi.SqlExceptionHelper] (JPA Startup Thread: <default>) SQL Warning Code: 0, SQLState: 00000
2022-07-31 19:12:43,873 WARN  [org.hib.eng.jdb.spi.SqlExceptionHelper] (JPA Startup Thread: <default>) relation "warenkorbposten" does not exist, skipping
2022-07-31 19:12:43,878 WARN  [org.hib.eng.jdb.spi.SqlExceptionHelper] (JPA Startup Thread: <default>) SQL Warning Code: 0, SQLState: 00000
2022-07-31 19:12:43,878 WARN  [org.hib.eng.jdb.spi.SqlExceptionHelper] (JPA Startup Thread: <default>) table "account" does not exist, skipping
2022-07-31 19:12:43,882 WARN  [org.hib.eng.jdb.spi.SqlExceptionHelper] (JPA Startup Thread: <default>) SQL Warning Code: 0, SQLState: 00000
2022-07-31 19:12:43,882 WARN  [org.hib.eng.jdb.spi.SqlExceptionHelper] (JPA Startup Thread: <default>) table "account_beobachtungsartikel" does not exist, skipping
2022-07-31 19:12:43,886 WARN  [org.hib.eng.jdb.spi.SqlExceptionHelper] (JPA Startup Thread: <default>) SQL Warning Code: 0, SQLState: 00000
2022-07-31 19:12:43,887 WARN  [org.hib.eng.jdb.spi.SqlExceptionHelper] (JPA Startup Thread: <default>) table "adresse" does not exist, skipping
2022-07-31 19:12:43,890 WARN  [org.hib.eng.jdb.spi.SqlExceptionHelper] (JPA Startup Thread: <default>) SQL Warning Code: 0, SQLState: 00000
2022-07-31 19:12:43,892 WARN  [org.hib.eng.jdb.spi.SqlExceptionHelper] (JPA Startup Thread: <default>) table "artikel" does not exist, skipping
2022-07-31 19:12:43,896 WARN  [org.hib.eng.jdb.spi.SqlExceptionHelper] (JPA Startup Thread: <default>) SQL Warning Code: 0, SQLState: 00000
2022-07-31 19:12:43,897 WARN  [org.hib.eng.jdb.spi.SqlExceptionHelper] (JPA Startup Thread: <default>) table "beobachtungsartikel" does not exist, skipping
2022-07-31 19:12:43,900 WARN  [org.hib.eng.jdb.spi.SqlExceptionHelper] (JPA Startup Thread: <default>) SQL Warning Code: 0, SQLState: 00000
2022-07-31 19:12:43,900 WARN  [org.hib.eng.jdb.spi.SqlExceptionHelper] (JPA Startup Thread: <default>) table "bestellartikel" does not exist, skipping
2022-07-31 19:12:43,905 WARN  [org.hib.eng.jdb.spi.SqlExceptionHelper] (JPA Startup Thread: <default>) SQL Warning Code: 0, SQLState: 00000
2022-07-31 19:12:43,906 WARN  [org.hib.eng.jdb.spi.SqlExceptionHelper] (JPA Startup Thread: <default>) table "bestellartikelversand" does not exist, skipping
2022-07-31 19:12:43,910 WARN  [org.hib.eng.jdb.spi.SqlExceptionHelper] (JPA Startup Thread: <default>) SQL Warning Code: 0, SQLState: 00000
2022-07-31 19:12:43,911 WARN  [org.hib.eng.jdb.spi.SqlExceptionHelper] (JPA Startup Thread: <default>) table "bestellposten" does not exist, skipping
2022-07-31 19:12:43,915 WARN  [org.hib.eng.jdb.spi.SqlExceptionHelper] (JPA Startup Thread: <default>) SQL Warning Code: 0, SQLState: 00000
2022-07-31 19:12:43,915 WARN  [org.hib.eng.jdb.spi.SqlExceptionHelper] (JPA Startup Thread: <default>) table "bestellung" does not exist, skipping
2022-07-31 19:12:43,919 WARN  [org.hib.eng.jdb.spi.SqlExceptionHelper] (JPA Startup Thread: <default>) SQL Warning Code: 0, SQLState: 00000
2022-07-31 19:12:43,919 WARN  [org.hib.eng.jdb.spi.SqlExceptionHelper] (JPA Startup Thread: <default>) table "bestellung_bestellposten" does not exist, skipping
2022-07-31 19:12:43,924 WARN  [org.hib.eng.jdb.spi.SqlExceptionHelper] (JPA Startup Thread: <default>) SQL Warning Code: 0, SQLState: 00000
2022-07-31 19:12:43,924 WARN  [org.hib.eng.jdb.spi.SqlExceptionHelper] (JPA Startup Thread: <default>) table "bestellungaccount" does not exist, skipping
2022-07-31 19:12:43,948 WARN  [org.hib.eng.jdb.spi.SqlExceptionHelper] (JPA Startup Thread: <default>) SQL Warning Code: 0, SQLState: 00000
2022-07-31 19:12:43,948 WARN  [org.hib.eng.jdb.spi.SqlExceptionHelper] (JPA Startup Thread: <default>) table "bestellungadresse" does not exist, skipping
2022-07-31 19:12:43,958 WARN  [org.hib.eng.jdb.spi.SqlExceptionHelper] (JPA Startup Thread: <default>) SQL Warning Code: 0, SQLState: 00000
2022-07-31 19:12:43,959 WARN  [org.hib.eng.jdb.spi.SqlExceptionHelper] (JPA Startup Thread: <default>) table "versand" does not exist, skipping
2022-07-31 19:12:43,967 WARN  [org.hib.eng.jdb.spi.SqlExceptionHelper] (JPA Startup Thread: <default>) SQL Warning Code: 0, SQLState: 00000
2022-07-31 19:12:43,968 WARN  [org.hib.eng.jdb.spi.SqlExceptionHelper] (JPA Startup Thread: <default>) table "warenkorb" does not exist, skipping
2022-07-31 19:12:43,977 WARN  [org.hib.eng.jdb.spi.SqlExceptionHelper] (JPA Startup Thread: <default>) SQL Warning Code: 0, SQLState: 00000
2022-07-31 19:12:43,977 WARN  [org.hib.eng.jdb.spi.SqlExceptionHelper] (JPA Startup Thread: <default>) table "warenkorb_warenkorbposten" does not exist, skipping
2022-07-31 19:12:43,985 WARN  [org.hib.eng.jdb.spi.SqlExceptionHelper] (JPA Startup Thread: <default>) SQL Warning Code: 0, SQLState: 00000
2022-07-31 19:12:43,985 WARN  [org.hib.eng.jdb.spi.SqlExceptionHelper] (JPA Startup Thread: <default>) table "warenkorbartikel" does not exist, skipping
2022-07-31 19:12:43,992 WARN  [org.hib.eng.jdb.spi.SqlExceptionHelper] (JPA Startup Thread: <default>) SQL Warning Code: 0, SQLState: 00000
2022-07-31 19:12:43,992 WARN  [org.hib.eng.jdb.spi.SqlExceptionHelper] (JPA Startup Thread: <default>) table "warenkorbartikelversand" does not exist, skipping
2022-07-31 19:12:43,998 WARN  [org.hib.eng.jdb.spi.SqlExceptionHelper] (JPA Startup Thread: <default>) SQL Warning Code: 0, SQLState: 00000
2022-07-31 19:12:43,998 WARN  [org.hib.eng.jdb.spi.SqlExceptionHelper] (JPA Startup Thread: <default>) table "warenkorbposten" does not exist, skipping
2022-07-31 19:12:44,002 WARN  [org.hib.eng.jdb.spi.SqlExceptionHelper] (JPA Startup Thread: <default>) SQL Warning Code: 0, SQLState: 00000
2022-07-31 19:12:44,003 WARN  [org.hib.eng.jdb.spi.SqlExceptionHelper] (JPA Startup Thread: <default>) sequence "hibernate_sequence" does not exist, skipping
2022-07-31 19:12:44,681 INFO  [io.quarkus] (main) mybay-onlineshop 1.0.0-SNAPSHOT on JVM (powered by Quarkus 2.10.1.Final) started in 58.244s. Listening on: http://localhost:8081
2022-07-31 19:12:44,682 INFO  [io.quarkus] (main) Profile test activated. 
2022-07-31 19:12:44,683 INFO  [io.quarkus] (main) Installed features: [agroal, cdi, hibernate-orm, hibernate-orm-panache, jdbc-postgresql, keycloak-authorization, mailer, narayana-jta, oidc, oidc-client, qute, rest-client, rest-client-jackson, resteasy, resteasy-jsonb, security, smallrye-context-propagation, smallrye-openapi, swagger-ui, vertx]
2022-07-31 19:12:45,851 DEBUG [de.hso.swa.AnlegenResourceTest] (main) { id='null', name='testArtikel', beschreibung='irgendeine Beschreibung', preis='12.9900000000000002131628207280300557613372802734375', artikelzustand='GEBRAUCHT', versand='{ id='null', kosten='4.9900000000000002131628207280300557613372802734375', lieferant='HERMES', laenderCode='DEU'}', erstellt='2022-07-31T19:12:45.851538200', geaendert='null', aufrufe='null', beobachter='null', transaktionAm='null', username='null'}
]]></system-out>
  </testcase>
</testsuite>